2024-10-31 22:49:19,934 - INFO - 本次训练量化参数：
Layer #0: Weights and Activations are quantized to 8-bit
Layer #1: Weights and Activations are quantized to 8-bit
Layer #2: Weights and Activations are quantized to 8-bit
Layer #3: Weights and Activations are quantized to 8-bit
Layer #4: Weights and Activations are quantized to 8-bit

2024-10-31 22:49:27,784 - INFO - Epoch 1: Test Accuracy: 16.41%
2024-10-31 22:49:35,382 - INFO - Epoch 2: Test Accuracy: 59.10%
2024-10-31 22:49:43,371 - INFO - Epoch 3: Test Accuracy: 73.39%
2024-10-31 22:49:51,264 - INFO - Epoch 4: Test Accuracy: 84.51%
2024-10-31 22:49:58,943 - INFO - Epoch 5: Test Accuracy: 89.62%
2024-10-31 22:50:06,642 - INFO - Epoch 6: Test Accuracy: 91.94%
2024-10-31 22:50:14,332 - INFO - Epoch 7: Test Accuracy: 93.48%
2024-10-31 22:50:22,118 - INFO - Epoch 8: Test Accuracy: 94.44%
2024-10-31 22:50:29,775 - INFO - Epoch 9: Test Accuracy: 95.42%
2024-10-31 22:50:37,358 - INFO - Epoch 10: Test Accuracy: 95.88%
2024-10-31 22:50:44,698 - INFO - Epoch 11: Test Accuracy: 96.29%
2024-10-31 22:50:52,070 - INFO - Epoch 12: Test Accuracy: 96.61%
2024-10-31 22:50:59,597 - INFO - Epoch 13: Test Accuracy: 96.83%
2024-10-31 22:51:07,425 - INFO - Epoch 14: Test Accuracy: 96.97%
2024-10-31 22:51:15,374 - INFO - Epoch 15: Test Accuracy: 97.03%
2024-10-31 22:51:23,052 - INFO - Epoch 16: Test Accuracy: 97.18%
2024-10-31 22:51:30,692 - INFO - Epoch 17: Test Accuracy: 97.41%
2024-10-31 22:51:38,171 - INFO - Epoch 18: Test Accuracy: 97.53%
2024-10-31 22:51:46,030 - INFO - Epoch 19: Test Accuracy: 97.67%
2024-10-31 22:51:53,651 - INFO - Epoch 20: Test Accuracy: 97.67%
2024-10-31 22:51:53,651 - INFO - Quantizing layer 1 to 4-bit
本次训练量化参数：
Layer #0: Weights and Activations are quantized to 4-bit
Layer #1: Weights and Activations are quantized to 8-bit
Layer #2: Weights and Activations are quantized to 8-bit
Layer #3: Weights and Activations are quantized to 8-bit
Layer #4: Weights and Activations are quantized to 8-bit

2024-10-31 22:52:01,232 - INFO - Epoch 1: Test Accuracy: 97.80%
2024-10-31 22:52:08,550 - INFO - Epoch 2: Test Accuracy: 97.79%
2024-10-31 22:52:15,823 - INFO - Epoch 3: Test Accuracy: 97.87%
2024-10-31 22:52:23,239 - INFO - Epoch 4: Test Accuracy: 98.05%
2024-10-31 22:52:31,048 - INFO - Epoch 5: Test Accuracy: 97.91%
2024-10-31 22:52:38,830 - INFO - Epoch 6: Test Accuracy: 98.05%
2024-10-31 22:52:46,530 - INFO - Epoch 7: Test Accuracy: 98.18%
2024-10-31 22:52:53,927 - INFO - Epoch 8: Test Accuracy: 98.15%
2024-10-31 22:53:01,392 - INFO - Epoch 9: Test Accuracy: 98.24%
2024-10-31 22:53:09,095 - INFO - Epoch 10: Test Accuracy: 98.22%
2024-10-31 22:53:16,920 - INFO - Epoch 11: Test Accuracy: 98.24%
2024-10-31 22:53:24,699 - INFO - Epoch 12: Test Accuracy: 98.26%
2024-10-31 22:53:31,985 - INFO - Epoch 13: Test Accuracy: 98.30%
2024-10-31 22:53:39,272 - INFO - Epoch 14: Test Accuracy: 98.32%
2024-10-31 22:53:46,607 - INFO - Epoch 15: Test Accuracy: 98.35%
2024-10-31 22:53:54,390 - INFO - Epoch 16: Test Accuracy: 98.39%
2024-10-31 22:54:02,052 - INFO - Epoch 17: Test Accuracy: 98.37%
2024-10-31 22:54:09,896 - INFO - Epoch 18: Test Accuracy: 98.50%
2024-10-31 22:54:17,307 - INFO - Epoch 19: Test Accuracy: 98.50%
2024-10-31 22:54:24,854 - INFO - Epoch 20: Test Accuracy: 98.54%
2024-10-31 22:54:24,855 - INFO - Quantizing layer 2 to 4-bit
本次训练量化参数：
Layer #0: Weights and Activations are quantized to 4-bit
Layer #1: Weights and Activations are quantized to 4-bit
Layer #2: Weights and Activations are quantized to 8-bit
Layer #3: Weights and Activations are quantized to 8-bit
Layer #4: Weights and Activations are quantized to 8-bit

2024-10-31 22:54:32,741 - INFO - Epoch 1: Test Accuracy: 98.43%
2024-10-31 22:54:40,873 - INFO - Epoch 2: Test Accuracy: 98.51%
