2024-10-31 23:00:56,482 - INFO - ==============================================
2024-10-31 23:00:56,482 - INFO - 本次训练量化参数：
Layer #0: Weights and Activations are quantized to 8-bit
Layer #1: Weights and Activations are quantized to 8-bit
Layer #2: Weights and Activations are quantized to 8-bit
Layer #3: Weights and Activations are quantized to 8-bit
Layer #4: Weights and Activations are quantized to 8-bit

2024-10-31 23:01:04,368 - INFO - Epoch 1: Test Accuracy: 20.28%
2024-10-31 23:01:11,886 - INFO - Epoch 2: Test Accuracy: 36.34%
2024-10-31 23:01:19,796 - INFO - Epoch 3: Test Accuracy: 43.03%
2024-10-31 23:01:27,550 - INFO - Epoch 4: Test Accuracy: 77.25%
2024-10-31 23:01:35,179 - INFO - Epoch 5: Test Accuracy: 87.47%
2024-10-31 23:01:42,569 - INFO - Epoch 6: Test Accuracy: 91.28%
2024-10-31 23:01:49,944 - INFO - Epoch 7: Test Accuracy: 93.01%
2024-10-31 23:01:57,331 - INFO - Epoch 8: Test Accuracy: 94.05%
2024-10-31 23:02:04,906 - INFO - Epoch 9: Test Accuracy: 95.04%
2024-10-31 23:02:12,438 - INFO - Epoch 10: Test Accuracy: 95.56%
2024-10-31 23:02:19,840 - INFO - Epoch 11: Test Accuracy: 96.04%
2024-10-31 23:02:27,269 - INFO - Epoch 12: Test Accuracy: 96.37%
2024-10-31 23:02:34,878 - INFO - Epoch 13: Test Accuracy: 96.56%
2024-10-31 23:02:42,075 - INFO - Epoch 14: Test Accuracy: 96.77%
2024-10-31 23:02:49,756 - INFO - Epoch 15: Test Accuracy: 96.98%
2024-10-31 23:02:57,423 - INFO - Epoch 16: Test Accuracy: 97.15%
2024-10-31 23:03:05,432 - INFO - Epoch 17: Test Accuracy: 97.30%
2024-10-31 23:03:13,071 - INFO - Epoch 18: Test Accuracy: 97.45%
2024-10-31 23:03:20,685 - INFO - Epoch 19: Test Accuracy: 97.48%
2024-10-31 23:03:28,254 - INFO - Epoch 20: Test Accuracy: 97.67%
2024-10-31 23:03:28,256 - INFO - Quantizing layer 1 to 4-bit
本次训练量化参数：
Layer #0: Weights and Activations are quantized to 4-bit
Layer #1: Weights and Activations are quantized to 8-bit
Layer #2: Weights and Activations are quantized to 8-bit
Layer #3: Weights and Activations are quantized to 8-bit
Layer #4: Weights and Activations are quantized to 8-bit

2024-10-31 23:03:35,810 - INFO - Epoch 1: Test Accuracy: 97.71%
2024-10-31 23:03:43,753 - INFO - Epoch 2: Test Accuracy: 97.74%
2024-10-31 23:03:51,331 - INFO - Epoch 3: Test Accuracy: 97.81%
2024-10-31 23:03:58,778 - INFO - Epoch 4: Test Accuracy: 97.96%
2024-10-31 23:04:06,169 - INFO - Epoch 5: Test Accuracy: 97.97%
2024-10-31 23:04:13,439 - INFO - Epoch 6: Test Accuracy: 98.02%
2024-10-31 23:04:20,765 - INFO - Epoch 7: Test Accuracy: 98.07%
2024-10-31 23:04:28,104 - INFO - Epoch 8: Test Accuracy: 98.12%
2024-10-31 23:04:35,389 - INFO - Epoch 9: Test Accuracy: 98.06%
2024-10-31 23:04:42,610 - INFO - Epoch 10: Test Accuracy: 98.14%
2024-10-31 23:04:49,890 - INFO - Epoch 11: Test Accuracy: 98.25%
2024-10-31 23:04:57,203 - INFO - Epoch 12: Test Accuracy: 98.26%
2024-10-31 23:05:04,500 - INFO - Epoch 13: Test Accuracy: 98.32%
2024-10-31 23:05:11,889 - INFO - Epoch 14: Test Accuracy: 98.33%
2024-10-31 23:05:19,153 - INFO - Epoch 15: Test Accuracy: 98.27%
2024-10-31 23:05:26,436 - INFO - Epoch 16: Test Accuracy: 98.31%
2024-10-31 23:05:33,696 - INFO - Epoch 17: Test Accuracy: 98.34%
2024-10-31 23:05:40,935 - INFO - Epoch 18: Test Accuracy: 98.38%
2024-10-31 23:05:48,214 - INFO - Epoch 19: Test Accuracy: 98.45%
2024-10-31 23:05:55,702 - INFO - Epoch 20: Test Accuracy: 98.35%
2024-10-31 23:05:55,702 - INFO - Quantizing layer 2 to 4-bit
本次训练量化参数：
Layer #0: Weights and Activations are quantized to 8-bit
Layer #1: Weights and Activations are quantized to 4-bit
Layer #2: Weights and Activations are quantized to 8-bit
Layer #3: Weights and Activations are quantized to 8-bit
Layer #4: Weights and Activations are quantized to 8-bit

2024-10-31 23:06:02,905 - INFO - Epoch 1: Test Accuracy: 98.32%
2024-10-31 23:06:10,326 - INFO - Epoch 2: Test Accuracy: 98.49%
2024-10-31 23:06:17,654 - INFO - Epoch 3: Test Accuracy: 98.54%
2024-10-31 23:06:25,010 - INFO - Epoch 4: Test Accuracy: 98.50%
2024-10-31 23:06:32,305 - INFO - Epoch 5: Test Accuracy: 98.44%
2024-10-31 23:06:39,605 - INFO - Epoch 6: Test Accuracy: 98.53%
2024-10-31 23:06:46,938 - INFO - Epoch 7: Test Accuracy: 98.54%
2024-10-31 23:06:54,321 - INFO - Epoch 8: Test Accuracy: 98.44%
2024-10-31 23:07:01,608 - INFO - Epoch 9: Test Accuracy: 98.47%
2024-10-31 23:07:08,927 - INFO - Epoch 10: Test Accuracy: 98.41%
2024-10-31 23:07:16,189 - INFO - Epoch 11: Test Accuracy: 98.62%
2024-10-31 23:07:23,517 - INFO - Epoch 12: Test Accuracy: 98.53%
2024-10-31 23:07:30,771 - INFO - Epoch 13: Test Accuracy: 98.53%
2024-10-31 23:07:38,123 - INFO - Epoch 14: Test Accuracy: 98.56%
2024-10-31 23:07:45,375 - INFO - Epoch 15: Test Accuracy: 98.56%
2024-10-31 23:07:52,743 - INFO - Epoch 16: Test Accuracy: 98.69%
2024-10-31 23:08:01,015 - INFO - Epoch 17: Test Accuracy: 98.46%
2024-10-31 23:08:08,224 - INFO - Epoch 18: Test Accuracy: 98.61%
2024-10-31 23:08:15,497 - INFO - Epoch 19: Test Accuracy: 98.69%
2024-10-31 23:08:22,821 - INFO - Epoch 20: Test Accuracy: 98.57%
2024-10-31 23:08:22,822 - INFO - Quantizing layer 3 to 4-bit
本次训练量化参数：
Layer #0: Weights and Activations are quantized to 8-bit
Layer #1: Weights and Activations are quantized to 8-bit
Layer #2: Weights and Activations are quantized to 4-bit
Layer #3: Weights and Activations are quantized to 8-bit
Layer #4: Weights and Activations are quantized to 8-bit

2024-10-31 23:08:30,159 - INFO - Epoch 1: Test Accuracy: 98.62%
2024-10-31 23:08:37,628 - INFO - Epoch 2: Test Accuracy: 98.61%
2024-10-31 23:08:44,990 - INFO - Epoch 3: Test Accuracy: 98.54%
2024-10-31 23:08:52,230 - INFO - Epoch 4: Test Accuracy: 98.72%
2024-10-31 23:08:59,622 - INFO - Epoch 5: Test Accuracy: 98.59%
2024-10-31 23:09:06,994 - INFO - Epoch 6: Test Accuracy: 98.63%
2024-10-31 23:09:14,321 - INFO - Epoch 7: Test Accuracy: 98.66%
2024-10-31 23:09:21,757 - INFO - Epoch 8: Test Accuracy: 98.61%
2024-10-31 23:09:29,209 - INFO - Epoch 9: Test Accuracy: 98.61%
2024-10-31 23:09:36,539 - INFO - Epoch 10: Test Accuracy: 98.69%
2024-10-31 23:09:43,855 - INFO - Epoch 11: Test Accuracy: 98.59%
2024-10-31 23:09:51,455 - INFO - Epoch 12: Test Accuracy: 98.69%
2024-10-31 23:09:59,254 - INFO - Epoch 13: Test Accuracy: 98.65%
2024-10-31 23:10:06,703 - INFO - Epoch 14: Test Accuracy: 98.72%
2024-10-31 23:10:13,961 - INFO - Epoch 15: Test Accuracy: 98.64%
2024-10-31 23:10:21,258 - INFO - Epoch 16: Test Accuracy: 98.66%
2024-10-31 23:10:28,653 - INFO - Epoch 17: Test Accuracy: 98.69%
2024-10-31 23:10:35,872 - INFO - Epoch 18: Test Accuracy: 98.72%
2024-10-31 23:10:43,219 - INFO - Epoch 19: Test Accuracy: 98.70%
2024-10-31 23:10:50,450 - INFO - Epoch 20: Test Accuracy: 98.70%
2024-10-31 23:10:50,450 - INFO - Quantizing layer 4 to 4-bit
本次训练量化参数：
Layer #0: Weights and Activations are quantized to 8-bit
Layer #1: Weights and Activations are quantized to 8-bit
Layer #2: Weights and Activations are quantized to 8-bit
Layer #3: Weights and Activations are quantized to 4-bit
Layer #4: Weights and Activations are quantized to 8-bit

2024-10-31 23:10:57,703 - INFO - Epoch 1: Test Accuracy: 98.64%
2024-10-31 23:11:05,043 - INFO - Epoch 2: Test Accuracy: 98.65%
2024-10-31 23:11:12,416 - INFO - Epoch 3: Test Accuracy: 98.73%
2024-10-31 23:11:19,694 - INFO - Epoch 4: Test Accuracy: 98.59%
2024-10-31 23:11:27,010 - INFO - Epoch 5: Test Accuracy: 98.64%
2024-10-31 23:11:34,310 - INFO - Epoch 6: Test Accuracy: 98.55%
2024-10-31 23:11:41,787 - INFO - Epoch 7: Test Accuracy: 98.62%
2024-10-31 23:11:49,319 - INFO - Epoch 8: Test Accuracy: 98.64%
2024-10-31 23:11:56,642 - INFO - Epoch 9: Test Accuracy: 98.70%
2024-10-31 23:12:03,968 - INFO - Epoch 10: Test Accuracy: 98.66%
2024-10-31 23:12:11,245 - INFO - Epoch 11: Test Accuracy: 98.68%
2024-10-31 23:12:18,616 - INFO - Epoch 12: Test Accuracy: 98.72%
2024-10-31 23:12:25,857 - INFO - Epoch 13: Test Accuracy: 98.59%
2024-10-31 23:12:33,177 - INFO - Epoch 14: Test Accuracy: 98.70%
2024-10-31 23:12:40,493 - INFO - Epoch 15: Test Accuracy: 98.73%
2024-10-31 23:12:47,818 - INFO - Epoch 16: Test Accuracy: 98.72%
2024-10-31 23:12:55,130 - INFO - Epoch 17: Test Accuracy: 98.74%
2024-10-31 23:13:02,711 - INFO - Epoch 18: Test Accuracy: 98.62%
2024-10-31 23:13:10,044 - INFO - Epoch 19: Test Accuracy: 98.71%
2024-10-31 23:13:17,250 - INFO - Epoch 20: Test Accuracy: 98.73%
2024-10-31 23:13:17,251 - INFO - Quantizing layer 5 to 4-bit
本次训练量化参数：
Layer #0: Weights and Activations are quantized to 8-bit
Layer #1: Weights and Activations are quantized to 8-bit
Layer #2: Weights and Activations are quantized to 8-bit
Layer #3: Weights and Activations are quantized to 8-bit
Layer #4: Weights and Activations are quantized to 4-bit

2024-10-31 23:13:24,555 - INFO - Epoch 1: Test Accuracy: 98.75%
2024-10-31 23:13:31,898 - INFO - Epoch 2: Test Accuracy: 98.60%
2024-10-31 23:13:39,316 - INFO - Epoch 3: Test Accuracy: 98.71%
2024-10-31 23:13:46,624 - INFO - Epoch 4: Test Accuracy: 98.69%
2024-10-31 23:13:53,845 - INFO - Epoch 5: Test Accuracy: 98.61%
2024-10-31 23:14:00,994 - INFO - Epoch 6: Test Accuracy: 98.68%
2024-10-31 23:14:08,551 - INFO - Epoch 7: Test Accuracy: 98.80%
2024-10-31 23:14:15,805 - INFO - Epoch 8: Test Accuracy: 98.77%
2024-10-31 23:14:23,104 - INFO - Epoch 9: Test Accuracy: 98.67%
2024-10-31 23:14:30,405 - INFO - Epoch 10: Test Accuracy: 98.75%
2024-10-31 23:14:37,723 - INFO - Epoch 11: Test Accuracy: 98.70%
2024-10-31 23:14:45,109 - INFO - Epoch 12: Test Accuracy: 98.77%
2024-10-31 23:14:53,419 - INFO - Epoch 13: Test Accuracy: 98.74%
2024-10-31 23:15:01,723 - INFO - Epoch 14: Test Accuracy: 98.64%
2024-10-31 23:15:08,927 - INFO - Epoch 15: Test Accuracy: 98.78%
2024-10-31 23:15:16,099 - INFO - Epoch 16: Test Accuracy: 98.79%
2024-10-31 23:15:23,303 - INFO - Epoch 17: Test Accuracy: 98.76%
2024-10-31 23:15:30,508 - INFO - Epoch 18: Test Accuracy: 98.76%
2024-10-31 23:15:37,763 - INFO - Epoch 19: Test Accuracy: 98.76%
2024-10-31 23:15:45,049 - INFO - Epoch 20: Test Accuracy: 98.81%
2024-10-31 23:15:45,051 - INFO - 

2024-10-31 23:15:45,051 - INFO - Quantizing layer 1 to 4-bit
本次训练量化参数：
Layer #0: Weights and Activations are quantized to 4-bit
Layer #1: Weights and Activations are quantized to 8-bit
Layer #2: Weights and Activations are quantized to 8-bit
Layer #3: Weights and Activations are quantized to 8-bit
Layer #4: Weights and Activations are quantized to 4-bit

2024-10-31 23:15:52,366 - INFO - Epoch 1: Test Accuracy: 98.78%
2024-10-31 23:15:59,668 - INFO - Epoch 2: Test Accuracy: 98.57%
2024-10-31 23:16:07,032 - INFO - Epoch 3: Test Accuracy: 98.84%
2024-10-31 23:16:14,347 - INFO - Epoch 4: Test Accuracy: 98.75%
2024-10-31 23:16:21,707 - INFO - Epoch 5: Test Accuracy: 98.82%
2024-10-31 23:16:29,145 - INFO - Epoch 6: Test Accuracy: 98.52%
2024-10-31 23:16:36,487 - INFO - Epoch 7: Test Accuracy: 98.75%
2024-10-31 23:16:43,852 - INFO - Epoch 8: Test Accuracy: 98.85%
2024-10-31 23:16:51,235 - INFO - Epoch 9: Test Accuracy: 98.76%
2024-10-31 23:16:58,565 - INFO - Epoch 10: Test Accuracy: 98.86%
2024-10-31 23:17:05,805 - INFO - Epoch 11: Test Accuracy: 98.70%
2024-10-31 23:17:13,184 - INFO - Epoch 12: Test Accuracy: 98.68%
2024-10-31 23:17:20,601 - INFO - Epoch 13: Test Accuracy: 98.83%
2024-10-31 23:17:27,910 - INFO - Epoch 14: Test Accuracy: 98.75%
2024-10-31 23:17:35,197 - INFO - Epoch 15: Test Accuracy: 98.83%
2024-10-31 23:17:42,480 - INFO - Epoch 16: Test Accuracy: 98.79%
2024-10-31 23:17:49,746 - INFO - Epoch 17: Test Accuracy: 98.72%
2024-10-31 23:17:57,033 - INFO - Epoch 18: Test Accuracy: 98.82%
2024-10-31 23:18:04,357 - INFO - Epoch 19: Test Accuracy: 98.83%
2024-10-31 23:18:11,625 - INFO - Epoch 20: Test Accuracy: 98.74%
2024-10-31 23:18:11,625 - INFO - Quantizing layer 2 to 4-bit
本次训练量化参数：
Layer #0: Weights and Activations are quantized to 8-bit
Layer #1: Weights and Activations are quantized to 4-bit
Layer #2: Weights and Activations are quantized to 8-bit
Layer #3: Weights and Activations are quantized to 8-bit
Layer #4: Weights and Activations are quantized to 4-bit

2024-10-31 23:18:18,958 - INFO - Epoch 1: Test Accuracy: 98.74%
2024-10-31 23:18:26,351 - INFO - Epoch 2: Test Accuracy: 98.79%
2024-10-31 23:18:33,639 - INFO - Epoch 3: Test Accuracy: 98.86%
2024-10-31 23:18:40,951 - INFO - Epoch 4: Test Accuracy: 98.82%
2024-10-31 23:18:48,298 - INFO - Epoch 5: Test Accuracy: 98.77%
2024-10-31 23:18:55,599 - INFO - Epoch 6: Test Accuracy: 98.86%
2024-10-31 23:19:02,875 - INFO - Epoch 7: Test Accuracy: 98.82%
2024-10-31 23:19:10,109 - INFO - Epoch 8: Test Accuracy: 98.90%
2024-10-31 23:19:17,572 - INFO - Epoch 9: Test Accuracy: 98.68%
2024-10-31 23:19:24,846 - INFO - Epoch 10: Test Accuracy: 98.85%
2024-10-31 23:19:32,195 - INFO - Epoch 11: Test Accuracy: 98.86%
2024-10-31 23:19:39,473 - INFO - Epoch 12: Test Accuracy: 98.83%
2024-10-31 23:19:46,724 - INFO - Epoch 13: Test Accuracy: 98.82%
2024-10-31 23:19:54,076 - INFO - Epoch 14: Test Accuracy: 98.78%
2024-10-31 23:20:01,295 - INFO - Epoch 15: Test Accuracy: 98.82%
2024-10-31 23:20:08,591 - INFO - Epoch 16: Test Accuracy: 98.77%
2024-10-31 23:20:15,907 - INFO - Epoch 17: Test Accuracy: 98.68%
2024-10-31 23:20:23,436 - INFO - Epoch 18: Test Accuracy: 98.80%
2024-10-31 23:20:30,701 - INFO - Epoch 19: Test Accuracy: 98.79%
2024-10-31 23:20:37,886 - INFO - Epoch 20: Test Accuracy: 98.80%
2024-10-31 23:20:37,886 - INFO - Quantizing layer 3 to 4-bit
本次训练量化参数：
Layer #0: Weights and Activations are quantized to 8-bit
Layer #1: Weights and Activations are quantized to 8-bit
Layer #2: Weights and Activations are quantized to 4-bit
Layer #3: Weights and Activations are quantized to 8-bit
Layer #4: Weights and Activations are quantized to 4-bit

2024-10-31 23:20:45,150 - INFO - Epoch 1: Test Accuracy: 98.83%
2024-10-31 23:20:52,687 - INFO - Epoch 2: Test Accuracy: 98.91%
2024-10-31 23:20:59,997 - INFO - Epoch 3: Test Accuracy: 98.72%
2024-10-31 23:21:07,286 - INFO - Epoch 4: Test Accuracy: 98.85%
2024-10-31 23:21:14,565 - INFO - Epoch 5: Test Accuracy: 98.76%
2024-10-31 23:21:22,216 - INFO - Epoch 6: Test Accuracy: 98.76%
2024-10-31 23:21:29,737 - INFO - Epoch 7: Test Accuracy: 98.90%
2024-10-31 23:21:37,214 - INFO - Epoch 8: Test Accuracy: 98.80%
2024-10-31 23:21:44,672 - INFO - Epoch 9: Test Accuracy: 98.84%
2024-10-31 23:21:51,882 - INFO - Epoch 10: Test Accuracy: 98.82%
2024-10-31 23:21:59,287 - INFO - Epoch 11: Test Accuracy: 98.92%
2024-10-31 23:22:06,651 - INFO - Epoch 12: Test Accuracy: 98.79%
2024-10-31 23:22:13,945 - INFO - Epoch 13: Test Accuracy: 98.83%
2024-10-31 23:22:21,246 - INFO - Epoch 14: Test Accuracy: 98.83%
2024-10-31 23:22:28,562 - INFO - Epoch 15: Test Accuracy: 98.78%
2024-10-31 23:22:35,787 - INFO - Epoch 16: Test Accuracy: 98.89%
2024-10-31 23:22:43,047 - INFO - Epoch 17: Test Accuracy: 98.78%
2024-10-31 23:22:50,347 - INFO - Epoch 18: Test Accuracy: 98.76%
2024-10-31 23:22:57,670 - INFO - Epoch 19: Test Accuracy: 98.83%
2024-10-31 23:23:05,127 - INFO - Epoch 20: Test Accuracy: 98.89%
2024-10-31 23:23:05,127 - INFO - Quantizing layer 4 to 4-bit
本次训练量化参数：
Layer #0: Weights and Activations are quantized to 8-bit
Layer #1: Weights and Activations are quantized to 8-bit
Layer #2: Weights and Activations are quantized to 8-bit
Layer #3: Weights and Activations are quantized to 4-bit
Layer #4: Weights and Activations are quantized to 4-bit

2024-10-31 23:23:12,499 - INFO - Epoch 1: Test Accuracy: 98.83%
2024-10-31 23:23:19,831 - INFO - Epoch 2: Test Accuracy: 98.71%
2024-10-31 23:23:27,311 - INFO - Epoch 3: Test Accuracy: 98.87%
2024-10-31 23:23:34,606 - INFO - Epoch 4: Test Accuracy: 98.86%
2024-10-31 23:23:42,151 - INFO - Epoch 5: Test Accuracy: 98.85%
2024-10-31 23:23:49,536 - INFO - Epoch 6: Test Accuracy: 98.95%
2024-10-31 23:23:56,971 - INFO - Epoch 7: Test Accuracy: 98.88%
2024-10-31 23:24:04,166 - INFO - Epoch 8: Test Accuracy: 98.87%
2024-10-31 23:24:12,206 - INFO - Epoch 9: Test Accuracy: 98.82%
2024-10-31 23:24:19,482 - INFO - Epoch 10: Test Accuracy: 98.87%
2024-10-31 23:24:26,718 - INFO - Epoch 11: Test Accuracy: 98.86%
2024-10-31 23:24:34,104 - INFO - Epoch 12: Test Accuracy: 98.84%
2024-10-31 23:24:41,663 - INFO - Epoch 13: Test Accuracy: 98.88%
2024-10-31 23:24:49,300 - INFO - Epoch 14: Test Accuracy: 98.82%
2024-10-31 23:24:57,433 - INFO - Epoch 15: Test Accuracy: 98.89%
2024-10-31 23:25:05,156 - INFO - Epoch 16: Test Accuracy: 98.88%
2024-10-31 23:25:13,093 - INFO - Epoch 17: Test Accuracy: 98.90%
2024-10-31 23:25:21,099 - INFO - Epoch 18: Test Accuracy: 98.89%
2024-10-31 23:25:29,784 - INFO - Epoch 19: Test Accuracy: 98.90%
2024-10-31 23:25:37,650 - INFO - Epoch 20: Test Accuracy: 98.87%
2024-10-31 23:25:37,650 - INFO - 

2024-10-31 23:25:37,650 - INFO - Quantizing layer 1 to 4-bit
本次训练量化参数：
Layer #0: Weights and Activations are quantized to 4-bit
Layer #1: Weights and Activations are quantized to 8-bit
Layer #2: Weights and Activations are quantized to 8-bit
Layer #3: Weights and Activations are quantized to 4-bit
Layer #4: Weights and Activations are quantized to 4-bit

2024-10-31 23:25:45,627 - INFO - Epoch 1: Test Accuracy: 98.80%
2024-10-31 23:25:53,946 - INFO - Epoch 2: Test Accuracy: 98.81%
2024-10-31 23:26:02,472 - INFO - Epoch 3: Test Accuracy: 98.85%
2024-10-31 23:26:12,401 - INFO - Epoch 4: Test Accuracy: 98.87%
2024-10-31 23:26:22,566 - INFO - Epoch 5: Test Accuracy: 98.92%
2024-10-31 23:26:33,343 - INFO - Epoch 6: Test Accuracy: 98.89%
2024-10-31 23:26:41,791 - INFO - Epoch 7: Test Accuracy: 98.69%
2024-10-31 23:26:50,308 - INFO - Epoch 8: Test Accuracy: 98.75%
2024-10-31 23:26:58,599 - INFO - Epoch 9: Test Accuracy: 98.82%
2024-10-31 23:27:06,628 - INFO - Epoch 10: Test Accuracy: 98.87%
2024-10-31 23:27:15,129 - INFO - Epoch 11: Test Accuracy: 98.86%
2024-10-31 23:27:22,934 - INFO - Epoch 12: Test Accuracy: 98.97%
2024-10-31 23:27:30,747 - INFO - Epoch 13: Test Accuracy: 98.88%
2024-10-31 23:27:38,609 - INFO - Epoch 14: Test Accuracy: 98.84%
2024-10-31 23:27:46,221 - INFO - Epoch 15: Test Accuracy: 98.92%
2024-10-31 23:27:53,802 - INFO - Epoch 16: Test Accuracy: 98.77%
2024-10-31 23:28:01,484 - INFO - Epoch 17: Test Accuracy: 98.84%
2024-10-31 23:28:08,914 - INFO - Epoch 18: Test Accuracy: 98.88%
2024-10-31 23:28:16,308 - INFO - Epoch 19: Test Accuracy: 98.86%
2024-10-31 23:28:24,160 - INFO - Epoch 20: Test Accuracy: 98.84%
2024-10-31 23:28:24,161 - INFO - Quantizing layer 2 to 4-bit
本次训练量化参数：
Layer #0: Weights and Activations are quantized to 8-bit
Layer #1: Weights and Activations are quantized to 4-bit
Layer #2: Weights and Activations are quantized to 8-bit
Layer #3: Weights and Activations are quantized to 4-bit
Layer #4: Weights and Activations are quantized to 4-bit

2024-10-31 23:28:31,831 - INFO - Epoch 1: Test Accuracy: 98.85%
2024-10-31 23:28:39,298 - INFO - Epoch 2: Test Accuracy: 98.86%
2024-10-31 23:28:46,739 - INFO - Epoch 3: Test Accuracy: 98.85%
2024-10-31 23:28:54,257 - INFO - Epoch 4: Test Accuracy: 98.73%
2024-10-31 23:29:02,069 - INFO - Epoch 5: Test Accuracy: 98.85%
2024-10-31 23:29:09,600 - INFO - Epoch 6: Test Accuracy: 98.70%
2024-10-31 23:29:17,517 - INFO - Epoch 7: Test Accuracy: 98.87%
2024-10-31 23:29:25,722 - INFO - Epoch 8: Test Accuracy: 98.84%
2024-10-31 23:29:33,822 - INFO - Epoch 9: Test Accuracy: 98.90%
2024-10-31 23:29:41,780 - INFO - Epoch 10: Test Accuracy: 98.83%
2024-10-31 23:29:49,561 - INFO - Epoch 11: Test Accuracy: 98.82%
2024-10-31 23:29:57,250 - INFO - Epoch 12: Test Accuracy: 98.71%
2024-10-31 23:30:05,193 - INFO - Epoch 13: Test Accuracy: 98.86%
2024-10-31 23:30:13,082 - INFO - Epoch 14: Test Accuracy: 98.87%
2024-10-31 23:30:20,893 - INFO - Epoch 15: Test Accuracy: 98.87%
2024-10-31 23:30:29,189 - INFO - Epoch 16: Test Accuracy: 98.87%
2024-10-31 23:30:37,332 - INFO - Epoch 17: Test Accuracy: 98.87%
2024-10-31 23:30:45,270 - INFO - Epoch 18: Test Accuracy: 98.82%
2024-10-31 23:30:53,404 - INFO - Epoch 19: Test Accuracy: 98.85%
2024-10-31 23:31:01,400 - INFO - Epoch 20: Test Accuracy: 98.74%
2024-10-31 23:31:01,400 - INFO - Quantizing layer 3 to 4-bit
本次训练量化参数：
Layer #0: Weights and Activations are quantized to 8-bit
Layer #1: Weights and Activations are quantized to 8-bit
Layer #2: Weights and Activations are quantized to 4-bit
Layer #3: Weights and Activations are quantized to 4-bit
Layer #4: Weights and Activations are quantized to 4-bit

2024-10-31 23:31:09,187 - INFO - Epoch 1: Test Accuracy: 98.89%
2024-10-31 23:31:17,663 - INFO - Epoch 2: Test Accuracy: 98.83%
2024-10-31 23:31:25,644 - INFO - Epoch 3: Test Accuracy: 98.76%
2024-10-31 23:31:33,714 - INFO - Epoch 4: Test Accuracy: 98.78%
2024-10-31 23:31:41,547 - INFO - Epoch 5: Test Accuracy: 98.81%
2024-10-31 23:31:49,332 - INFO - Epoch 6: Test Accuracy: 98.84%
2024-10-31 23:31:57,076 - INFO - Epoch 7: Test Accuracy: 98.86%
2024-10-31 23:32:04,793 - INFO - Epoch 8: Test Accuracy: 98.87%
2024-10-31 23:32:12,688 - INFO - Epoch 9: Test Accuracy: 98.84%
2024-10-31 23:32:20,239 - INFO - Epoch 10: Test Accuracy: 98.84%
2024-10-31 23:32:27,737 - INFO - Epoch 11: Test Accuracy: 98.85%
2024-10-31 23:32:35,374 - INFO - Epoch 12: Test Accuracy: 98.80%
2024-10-31 23:32:42,915 - INFO - Epoch 13: Test Accuracy: 98.86%
2024-10-31 23:32:50,384 - INFO - Epoch 14: Test Accuracy: 98.87%
2024-10-31 23:32:58,227 - INFO - Epoch 15: Test Accuracy: 98.88%
2024-10-31 23:33:06,032 - INFO - Epoch 16: Test Accuracy: 98.89%
2024-10-31 23:33:13,406 - INFO - Epoch 17: Test Accuracy: 98.87%
2024-10-31 23:33:21,245 - INFO - Epoch 18: Test Accuracy: 98.75%
2024-10-31 23:33:29,454 - INFO - Epoch 19: Test Accuracy: 98.87%
2024-10-31 23:33:37,223 - INFO - Epoch 20: Test Accuracy: 98.84%
2024-10-31 23:33:37,223 - INFO - 

2024-10-31 23:33:37,223 - INFO - Quantizing layer 2 to 4-bit
本次训练量化参数：
Layer #0: Weights and Activations are quantized to 4-bit
Layer #1: Weights and Activations are quantized to 4-bit
Layer #2: Weights and Activations are quantized to 8-bit
Layer #3: Weights and Activations are quantized to 4-bit
Layer #4: Weights and Activations are quantized to 4-bit

2024-10-31 23:33:45,899 - INFO - Epoch 1: Test Accuracy: 98.75%
2024-10-31 23:33:53,486 - INFO - Epoch 2: Test Accuracy: 98.80%
2024-10-31 23:34:01,819 - INFO - Epoch 3: Test Accuracy: 98.97%
2024-10-31 23:34:09,845 - INFO - Epoch 4: Test Accuracy: 98.95%
2024-10-31 23:34:17,473 - INFO - Epoch 5: Test Accuracy: 98.46%
2024-10-31 23:34:25,190 - INFO - Epoch 6: Test Accuracy: 98.69%
2024-10-31 23:34:33,549 - INFO - Epoch 7: Test Accuracy: 98.86%
2024-10-31 23:34:42,805 - INFO - Epoch 8: Test Accuracy: 98.88%
2024-10-31 23:34:50,658 - INFO - Epoch 9: Test Accuracy: 98.69%
2024-10-31 23:34:58,147 - INFO - Epoch 10: Test Accuracy: 98.89%
2024-10-31 23:35:06,419 - INFO - Epoch 11: Test Accuracy: 98.83%
2024-10-31 23:35:15,708 - INFO - Epoch 12: Test Accuracy: 98.60%
2024-10-31 23:35:23,987 - INFO - Epoch 13: Test Accuracy: 98.90%
2024-10-31 23:35:31,926 - INFO - Epoch 14: Test Accuracy: 98.81%
2024-10-31 23:35:39,931 - INFO - Epoch 15: Test Accuracy: 98.62%
2024-10-31 23:35:47,673 - INFO - Epoch 16: Test Accuracy: 98.82%
2024-10-31 23:35:55,731 - INFO - Epoch 17: Test Accuracy: 98.73%
2024-10-31 23:36:03,425 - INFO - Epoch 18: Test Accuracy: 98.81%
2024-10-31 23:36:11,357 - INFO - Epoch 19: Test Accuracy: 98.82%
2024-10-31 23:36:19,149 - INFO - Epoch 20: Test Accuracy: 98.87%
2024-10-31 23:36:19,149 - INFO - Quantizing layer 3 to 4-bit
本次训练量化参数：
Layer #0: Weights and Activations are quantized to 4-bit
Layer #1: Weights and Activations are quantized to 8-bit
Layer #2: Weights and Activations are quantized to 4-bit
Layer #3: Weights and Activations are quantized to 4-bit
Layer #4: Weights and Activations are quantized to 4-bit

2024-10-31 23:36:27,461 - INFO - Epoch 1: Test Accuracy: 98.65%
2024-10-31 23:36:36,449 - INFO - Epoch 2: Test Accuracy: 98.83%
2024-10-31 23:36:45,132 - INFO - Epoch 3: Test Accuracy: 98.85%
2024-10-31 23:36:52,985 - INFO - Epoch 4: Test Accuracy: 98.41%
2024-10-31 23:37:00,988 - INFO - Epoch 5: Test Accuracy: 98.84%
2024-10-31 23:37:08,743 - INFO - Epoch 6: Test Accuracy: 98.91%
2024-10-31 23:37:16,078 - INFO - Epoch 7: Test Accuracy: 98.84%
2024-10-31 23:37:23,542 - INFO - Epoch 8: Test Accuracy: 98.88%
2024-10-31 23:37:31,303 - INFO - Epoch 9: Test Accuracy: 98.92%
2024-10-31 23:37:39,241 - INFO - Epoch 10: Test Accuracy: 98.68%
2024-10-31 23:37:47,251 - INFO - Epoch 11: Test Accuracy: 98.71%
2024-10-31 23:37:54,703 - INFO - Epoch 12: Test Accuracy: 98.84%
2024-10-31 23:38:02,324 - INFO - Epoch 13: Test Accuracy: 98.89%
2024-10-31 23:38:10,041 - INFO - Epoch 14: Test Accuracy: 98.76%
2024-10-31 23:38:18,076 - INFO - Epoch 15: Test Accuracy: 98.79%
2024-10-31 23:38:26,227 - INFO - Epoch 16: Test Accuracy: 98.94%
2024-10-31 23:38:34,444 - INFO - Epoch 17: Test Accuracy: 98.83%
2024-10-31 23:38:42,685 - INFO - Epoch 18: Test Accuracy: 98.74%
2024-10-31 23:38:50,673 - INFO - Epoch 19: Test Accuracy: 98.81%
2024-10-31 23:38:58,181 - INFO - Epoch 20: Test Accuracy: 98.87%
2024-10-31 23:38:58,182 - INFO - 

2024-10-31 23:38:58,182 - INFO - Quantizing layer 3 to 4-bit
本次训练量化参数：
Layer #0: Weights and Activations are quantized to 4-bit
Layer #1: Weights and Activations are quantized to 4-bit
Layer #2: Weights and Activations are quantized to 4-bit
Layer #3: Weights and Activations are quantized to 4-bit
Layer #4: Weights and Activations are quantized to 4-bit

2024-10-31 23:39:05,955 - INFO - Epoch 1: Test Accuracy: 98.91%
2024-10-31 23:39:13,976 - INFO - Epoch 2: Test Accuracy: 98.70%
2024-10-31 23:39:22,549 - INFO - Epoch 3: Test Accuracy: 98.79%
2024-10-31 23:39:30,117 - INFO - Epoch 4: Test Accuracy: 98.71%
2024-10-31 23:39:37,750 - INFO - Epoch 5: Test Accuracy: 98.79%
2024-10-31 23:39:45,258 - INFO - Epoch 6: Test Accuracy: 98.69%
2024-10-31 23:39:52,743 - INFO - Epoch 7: Test Accuracy: 98.90%
2024-10-31 23:40:00,642 - INFO - Epoch 8: Test Accuracy: 98.79%
2024-10-31 23:40:09,278 - INFO - Epoch 9: Test Accuracy: 98.82%
2024-10-31 23:40:16,942 - INFO - Epoch 10: Test Accuracy: 98.54%
2024-10-31 23:40:26,258 - INFO - Epoch 11: Test Accuracy: 98.76%
2024-10-31 23:40:34,503 - INFO - Epoch 12: Test Accuracy: 98.89%
2024-10-31 23:40:42,255 - INFO - Epoch 13: Test Accuracy: 98.92%
2024-10-31 23:40:50,024 - INFO - Epoch 14: Test Accuracy: 98.72%
2024-10-31 23:40:57,854 - INFO - Epoch 15: Test Accuracy: 98.67%
2024-10-31 23:41:05,352 - INFO - Epoch 16: Test Accuracy: 98.81%
2024-10-31 23:41:13,092 - INFO - Epoch 17: Test Accuracy: 98.84%
2024-10-31 23:41:21,682 - INFO - Epoch 18: Test Accuracy: 98.78%
2024-10-31 23:41:29,407 - INFO - Epoch 19: Test Accuracy: 98.64%
2024-10-31 23:41:37,203 - INFO - Epoch 20: Test Accuracy: 98.84%
2024-10-31 23:41:37,203 - INFO - 

